Arguments: 
  C:\Program Files\nodejs\node.exe C:\Users\goez2\AppData\Roaming\npm\node_modules\yarn\bin\yarn.js start

PATH: 
  C:\Program Files\Git\mingw64\bin;C:\Program Files\Git\usr\bin;C:\Users\goez2\bin;C:\Program Files (x86)\Razer Chroma SDK\bin;C:\Program Files\Razer Chroma SDK\bin;C:\Program Files (x86)\Common Files\Intel\Shared Libraries\redist\intel64\compiler;C:\Program Files (x86)\Common Files\Intel\Shared Libraries\redist\ia32\compiler;C:\ProgramData\Oracle\Java\javapath;C:\Windows\system32;C:\Windows;C:\Windows\System32\Wbem;C:\Windows\System32\WindowsPowerShell\v1.0;C:\WINDOWS\system32;C:\WINDOWS;C:\WINDOWS\System32\Wbem;C:\WINDOWS\System32\WindowsPowerShell\v1.0;C:\Program Files (x86)\Bitvise SSH Client;C:\Program Files (x86)\Skype\Phone;C:\Program Files (x86)\NVIDIA Corporation\PhysX\Common;C:\Users\goez2\AppData\Local\Programs\Python\Python36-32;C:\Program Files\Calibre2;C:\WINDOWS\system32;C:\WINDOWS;C:\WINDOWS\System32\Wbem;C:\WINDOWS\System32\WindowsPowerShell\v1.0;C:\Program Files\Git\cmd;C:\Program Files\nodejs;C:\ProgramData\chocolatey\bin;%USERPROFILE%\AppData\Local\Microsoft\WindowsApps;C:\Program Files\Microsoft VS Code\bin;C:\Users\goez2\AppData\Roaming\npm;C:\Exercism

Yarn version: 
  1.5.1

Node version: 
  8.9.4

Platform: 
  win32 x64

npm manifest: 
  No manifest

yarn manifest: 
  No manifest

Lockfile: 
  No lockfile

Trace: 
  Error: Couldn't find a package.json file in "C:\\Users\\goez2\\Documents\\Git\\LambdaSchool\\React-Router-Apple-Nav"
      at new MessageError (C:\Users\goez2\AppData\Roaming\npm\node_modules\yarn\lib\cli.js:186:110)
      at C:\Users\goez2\AppData\Roaming\npm\node_modules\yarn\lib\cli.js:40048:15
      at Generator.next (<anonymous>)
      at step (C:\Users\goez2\AppData\Roaming\npm\node_modules\yarn\lib\cli.js:98:30)
      at C:\Users\goez2\AppData\Roaming\npm\node_modules\yarn\lib\cli.js:109:13
      at <anonymous>
